# JRE version: Java(TM) SE Runtime Environment (8.0_121-b13) (build 1.8.0_121-b13)
# Java VM: Java HotSpot(TM) 64-Bit Server VM (25.121-b13 mixed mode windows-amd64 compressed oops)
Heap:
 PSYoungGen      total 60416K, used 57650K [0x000000076ad80000, 0x0000000770f80000, 0x00000007c0000000)
  eden space 57344K, 95% used [0x000000076ad80000,0x000000076e2f5f90,0x000000076e580000)
  from space 3072K, 94% used [0x000000076e680000,0x000000076e956c50,0x000000076e980000)
  to   space 21504K, 0% used [0x000000076fa80000,0x000000076fa80000,0x0000000770f80000)
 ParOldGen       total 175104K, used 30981K [0x00000006c0800000, 0x00000006cb300000, 0x000000076ad80000)
  object space 175104K, 17% used [0x00000006c0800000,0x00000006c26415c0,0x00000006cb300000)
 Metaspace       used 14746K, capacity 14972K, committed 15360K, reserved 1062912K
  class space    used 1623K, capacity 1681K, committed 1792K, reserved 1048576K
GC Heap History (10 events):
Event: 99.520 GC heap before
{Heap before GC invocations=7 (full 0):
 PSYoungGen      total 79872K, used 74754K [0x000000076ad80000, 0x0000000771180000, 0x00000007c0000000)
  eden space 62464K, 100% used [0x000000076ad80000,0x000000076ea80000,0x000000076ea80000)
  from space 17408K, 70% used [0x0000000770080000,0x0000000770c808c0,0x0000000771180000)
  to   space 19968K, 0% used [0x000000076ea80000,0x000000076ea80000,0x000000076fe00000)
 ParOldGen       total 175104K, used 14252K [0x00000006c0800000, 0x00000006cb300000, 0x000000076ad80000)
  object space 175104K, 8% used [0x00000006c0800000,0x00000006c15eb328,0x00000006cb300000)
 Metaspace       used 14121K, capacity 14358K, committed 14464K, reserved 1062912K
  class space    used 1560K, capacity 1648K, committed 1664K, reserved 1048576K
Event: 99.523 GC heap after
Heap after GC invocations=7 (full 0):
 PSYoungGen      total 81408K, used 1301K [0x000000076ad80000, 0x0000000771480000, 0x00000007c0000000)
  eden space 61440K, 0% used [0x000000076ad80000,0x000000076ad80000,0x000000076e980000)
  from space 19968K, 6% used [0x000000076ea80000,0x000000076ebc5420,0x000000076fe00000)
  to   space 22016K, 0% used [0x000000076ff00000,0x000000076ff00000,0x0000000771480000)
 ParOldGen       total 175104K, used 25365K [0x00000006c0800000, 0x00000006cb300000, 0x000000076ad80000)
  object space 175104K, 14% used [0x00000006c0800000,0x00000006c20c54e0,0x00000006cb300000)
 Metaspace       used 14121K, capacity 14358K, committed 14464K, reserved 1062912K
  class space    used 1560K, capacity 1648K, committed 1664K, reserved 1048576K
}
Event: 174.170 GC heap before
{Heap before GC invocations=8 (full 0):
 PSYoungGen      total 81408K, used 62741K [0x000000076ad80000, 0x0000000771480000, 0x00000007c0000000)
  eden space 61440K, 100% used [0x000000076ad80000,0x000000076e980000,0x000000076e980000)
  from space 19968K, 6% used [0x000000076ea80000,0x000000076ebc5420,0x000000076fe00000)
  to   space 22016K, 0% used [0x000000076ff00000,0x000000076ff00000,0x0000000771480000)
 ParOldGen       total 175104K, used 25365K [0x00000006c0800000, 0x00000006cb300000, 0x000000076ad80000)
  object space 175104K, 14% used [0x00000006c0800000,0x00000006c20c54e0,0x00000006cb300000)
 Metaspace       used 14261K, capacity 14492K, committed 14720K, reserved 1062912K
  class space    used 1563K, capacity 1649K, committed 1664K, reserved 1048576K
Event: 174.171 GC heap after
Heap after GC invocations=8 (full 0):
 PSYoungGen      total 80384K, used 7835K [0x000000076ad80000, 0x0000000771280000, 0x00000007c0000000)
  eden space 60416K, 0% used [0x000000076ad80000,0x000000076ad80000,0x000000076e880000)
  from space 19968K, 39% used [0x000000076ff00000,0x00000007706a6c10,0x0000000771280000)
  to   space 21504K, 0% used [0x000000076e880000,0x000000076e880000,0x000000076fd80000)
 ParOldGen       total 175104K, used 25389K [0x00000006c0800000, 0x00000006cb300000, 0x000000076ad80000)
  object space 175104K, 14% used [0x00000006c0800000,0x00000006c20cb4e0,0x00000006cb300000)
 Metaspace       used 14261K, capacity 14492K, committed 14720K, reserved 1062912K
  class space    used 1563K, capacity 1649K, committed 1664K, reserved 1048576K
}
Event: 175.226 GC heap before
{Heap before GC invocations=9 (full 0):
 PSYoungGen      total 80384K, used 68251K [0x000000076ad80000, 0x0000000771280000, 0x00000007c0000000)
  eden space 60416K, 100% used [0x000000076ad80000,0x000000076e880000,0x000000076e880000)
  from space 19968K, 39% used [0x000000076ff00000,0x00000007706a6c10,0x0000000771280000)
  to   space 21504K, 0% used [0x000000076e880000,0x000000076e880000,0x000000076fd80000)
 ParOldGen       total 175104K, used 25389K [0x00000006c0800000, 0x00000006cb300000, 0x000000076ad80000)
  object space 175104K, 14% used [0x00000006c0800000,0x00000006c20cb4e0,0x00000006cb300000)
 Metaspace       used 14299K, capacity 14492K, committed 14720K, reserved 1062912K
  class space    used 1563K, capacity 1649K, committed 1664K, reserved 1048576K
Event: 175.227 GC heap after
Heap after GC invocations=9 (full 0):
 PSYoungGen      total 69120K, used 9273K [0x000000076ad80000, 0x0000000770f80000, 0x00000007c0000000)
  eden space 59392K, 0% used [0x000000076ad80000,0x000000076ad80000,0x000000076e780000)
  from space 9728K, 95% used [0x000000076e880000,0x000000076f18e540,0x000000076f200000)
  to   space 20480K, 0% used [0x000000076fb80000,0x000000076fb80000,0x0000000770f80000)
 ParOldGen       total 175104K, used 25429K [0x00000006c0800000, 0x00000006cb300000, 0x000000076ad80000)
  object space 175104K, 14% used [0x00000006c0800000,0x00000006c20d54e0,0x00000006cb300000)
 Metaspace       used 14299K, capacity 14492K, committed 14720K, reserved 1062912K
  class space    used 1563K, capacity 1649K, committed 1664K, reserved 1048576K
}
Event: 176.315 GC heap before
{Heap before GC invocations=10 (full 0):
 PSYoungGen      total 69120K, used 68649K [0x000000076ad80000, 0x0000000770f80000, 0x00000007c0000000)
  eden space 59392K, 99% used [0x000000076ad80000,0x000000076e77bfb8,0x000000076e780000)
  from space 9728K, 95% used [0x000000076e880000,0x000000076f18e540,0x000000076f200000)
  to   space 20480K, 0% used [0x000000076fb80000,0x000000076fb80000,0x0000000770f80000)
 ParOldGen       total 175104K, used 25429K [0x00000006c0800000, 0x00000006cb300000, 0x000000076ad80000)
  object space 175104K, 14% used [0x00000006c0800000,0x00000006c20d54e0,0x00000006cb300000)
 Metaspace       used 14300K, capacity 14492K, committed 14720K, reserved 1062912K
  class space    used 1563K, capacity 1649K, committed 1664K, reserved 1048576K
Event: 176.316 GC heap after
Heap after GC invocations=10 (full 0):
 PSYoungGen      total 78848K, used 1721K [0x000000076ad80000, 0x0000000770f80000, 0x00000007c0000000)
  eden space 58368K, 0% used [0x000000076ad80000,0x000000076ad80000,0x000000076e680000)
  from space 20480K, 8% used [0x000000076fb80000,0x000000076fd2e430,0x0000000770f80000)
  to   space 20992K, 0% used [0x000000076e680000,0x000000076e680000,0x000000076fb00000)
 ParOldGen       total 175104K, used 30957K [0x00000006c0800000, 0x00000006cb300000, 0x000000076ad80000)
  object space 175104K, 17% used [0x00000006c0800000,0x00000006c263b5c0,0x00000006cb300000)
 Metaspace       used 14300K, capacity 14492K, committed 14720K, reserved 1062912K
  class space    used 1563K, capacity 1649K, committed 1664K, reserved 1048576K
}
Event: 179.726 GC heap before
{Heap before GC invocations=11 (full 0):
 PSYoungGen      total 78848K, used 60089K [0x000000076ad80000, 0x0000000770f80000, 0x00000007c0000000)
  eden space 58368K, 100% used [0x000000076ad80000,0x000000076e680000,0x000000076e680000)
  from space 20480K, 8% used [0x000000076fb80000,0x000000076fd2e430,0x0000000770f80000)
  to   space 20992K, 0% used [0x000000076e680000,0x000000076e680000,0x000000076fb00000)
 ParOldGen       total 175104K, used 30957K [0x00000006c0800000, 0x00000006cb300000, 0x000000076ad80000)
  object space 175104K, 17% used [0x00000006c0800000,0x00000006c263b5c0,0x00000006cb300000)
 Metaspace       used 14318K, capacity 14492K, committed 14720K, reserved 1062912K
  class space    used 1563K, capacity 1649K, committed 1664K, reserved 1048576K
Event: 179.727 GC heap after
Heap after GC invocations=11 (full 0):
 PSYoungGen      total 60416K, used 2907K [0x000000076ad80000, 0x0000000770f80000, 0x00000007c0000000)
  eden space 57344K, 0% used [0x000000076ad80000,0x000000076ad80000,0x000000076e580000)
  from space 3072K, 94% used [0x000000076e680000,0x000000076e956c50,0x000000076e980000)
  to   space 21504K, 0% used [0x000000076fa80000,0x000000076fa80000,0x0000000770f80000)
 ParOldGen       total 175104K, used 30981K [0x00000006c0800000, 0x00000006cb300000, 0x000000076ad80000)
  object space 175104K, 17% used [0x00000006c0800000,0x00000006c26415c0,0x00000006cb300000)
 Metaspace       used 14318K, capacity 14492K, committed 14720K, reserved 1062912K
  class space    used 1563K, capacity 1649K, committed 1664K, reserved 1048576K
}

